<?xml version="1.0" encoding="UTF-8"?>
<testsuite name="telran.oskarVer1.test.basket.OrderHistoryTest" tests="1" skipped="0" failures="0" errors="0" timestamp="2022-12-07T23:37:08" hostname="iMac-ipaparazzi" time="2.583">
  <properties/>
  <testcase name="CheckOrderHistory" classname="telran.oskarVer1.test.basket.OrderHistoryTest" time="2.583"/>
  <system-out><![CDATA[]]></system-out>
  <system-err><![CDATA[Starting ChromeDriver 107.0.5304.62 (1eec40d3a5764881c92085aaee66d25075c159aa-refs/branch-heads/5304@{#942}) on port 14260
Only local connections are allowed.
Please see https://chromedriver.chromium.org/security-considerations for suggestions on keeping ChromeDriver safe.
ChromeDriver was started successfully.
[1670456215.699][WARNING]: This version of ChromeDriver has not been tested with Chrome version 108.
дек. 08, 2022 12:36:55 AM org.openqa.selenium.remote.ProtocolHandshake createSession
INFO: Detected dialect: W3C
]]></system-err>
</testsuite>
