<?xml version="1.0" encoding="UTF-8"?>
<testsuite name="telran.oskarVer1.test.LoginTest" tests="1" skipped="0" failures="0" errors="0" timestamp="2022-12-05T08:44:27" hostname="iMac-ipaparazzi" time="4.873">
  <properties/>
  <testcase name="LoginPositiveTest" classname="telran.oskarVer1.test.LoginTest" time="4.873"/>
  <system-out><![CDATA[Correct user name: test777@gmx.com
]]></system-out>
  <system-err><![CDATA[Starting ChromeDriver 107.0.5304.62 (1eec40d3a5764881c92085aaee66d25075c159aa-refs/branch-heads/5304@{#942}) on port 42135
Only local connections are allowed.
Please see https://chromedriver.chromium.org/security-considerations for suggestions on keeping ChromeDriver safe.
ChromeDriver was started successfully.
[1670229865.029][WARNING]: This version of ChromeDriver has not been tested with Chrome version 108.
дек. 05, 2022 9:44:25 AM org.openqa.selenium.remote.ProtocolHandshake createSession
INFO: Detected dialect: W3C
]]></system-err>
</testsuite>
