<?xml version="1.0" encoding="UTF-8"?>
<testsuite name="com.telran.oskarLastVersion.tests.basket.PriseAndQuantityTest" tests="2" skipped="0" failures="0" errors="0" timestamp="2023-01-05T10:44:34" hostname="iMac-ipaparazzi" time="8.599">
  <properties/>
  <testcase name="compareTotalPriseTest" classname="com.telran.oskarLastVersion.tests.basket.PriseAndQuantityTest" time="2.302"/>
  <testcase name="quantityTest" classname="com.telran.oskarLastVersion.tests.basket.PriseAndQuantityTest" time="2.216"/>
  <system-out><![CDATA[9.99
19.98
19.98
29.97
]]></system-out>
  <system-err><![CDATA[Starting ChromeDriver 107.0.5304.62 (1eec40d3a5764881c92085aaee66d25075c159aa-refs/branch-heads/5304@{#942}) on port 17224
Only local connections are allowed.
Please see https://chromedriver.chromium.org/security-considerations for suggestions on keeping ChromeDriver safe.
ChromeDriver was started successfully.
[1672915471.844][WARNING]: This version of ChromeDriver has not been tested with Chrome version 108.
янв. 05, 2023 11:44:31 AM org.openqa.selenium.remote.ProtocolHandshake createSession
INFO: Detected dialect: W3C
Starting ChromeDriver 107.0.5304.62 (1eec40d3a5764881c92085aaee66d25075c159aa-refs/branch-heads/5304@{#942}) on port 36616
Only local connections are allowed.
Please see https://chromedriver.chromium.org/security-considerations for suggestions on keeping ChromeDriver safe.
ChromeDriver was started successfully.
[1672915478.517][WARNING]: This version of ChromeDriver has not been tested with Chrome version 108.
янв. 05, 2023 11:44:38 AM org.openqa.selenium.remote.ProtocolHandshake createSession
INFO: Detected dialect: W3C
]]></system-err>
</testsuite>
